[2016-11-14 21:35:29,582 -- DEBUG] Start reading config...
[2016-11-14 21:35:29,585 -- DEBUG] Start reading config... OK
[2016-11-14 21:35:29,585 -- DEBUG] Processing delegates...
[2016-11-14 21:35:29,585 -- DEBUG] Processing delegates... OK
[2016-11-14 21:35:42,963 -- DEBUG] Start reading config...
[2016-11-14 21:35:42,963 -- DEBUG] Start reading config... OK
[2016-11-14 21:35:42,964 -- DEBUG] Processing delegates...
[2016-11-14 21:35:42,964 -- DEBUG] Processing delegates... OK
[2016-11-14 21:47:29,407 -- DEBUG] Start reading config...
[2016-11-14 21:47:29,407 -- DEBUG] Start reading config... OK
[2016-11-14 21:47:29,407 -- DEBUG] Processing delegates...
[2016-11-14 21:47:29,407 -- DEBUG] Processing delegates... OK
[2016-11-14 21:47:41,730 -- DEBUG] Start reading config...
[2016-11-14 21:47:41,730 -- DEBUG] Start reading config... OK
[2016-11-14 21:47:41,730 -- DEBUG] Processing delegates...
[2016-11-14 21:47:41,730 -- DEBUG] Processing delegates... OK
[2016-11-14 21:47:49,325 -- DEBUG] Start reading config...
[2016-11-14 21:47:49,326 -- DEBUG] Start reading config... OK
[2016-11-14 21:47:49,326 -- DEBUG] Processing delegates...
[2016-11-14 21:47:49,328 -- DEBUG] Processing delegates... OK
[2016-11-14 21:50:45,313 -- DEBUG] Start reading config...
[2016-11-14 21:50:45,315 -- DEBUG] Start reading config... OK
[2016-11-14 21:50:45,315 -- DEBUG] Processing delegates...
[2016-11-14 21:50:45,315 -- DEBUG] Processing delegates... OK
[2016-11-14 21:51:06,470 -- DEBUG] Start reading config...
[2016-11-14 21:51:06,470 -- DEBUG] Start reading config... OK
[2016-11-14 21:51:06,471 -- DEBUG] Processing delegates...
[2016-11-14 21:51:06,471 -- DEBUG] Processing delegates... OK
[2016-11-14 21:51:22,440 -- DEBUG] Start reading config...
[2016-11-14 21:51:22,441 -- DEBUG] Start reading config... OK
[2016-11-14 21:51:22,441 -- DEBUG] Processing delegates...
[2016-11-14 21:51:22,443 -- DEBUG] Processing delegates... OK
[2016-11-14 21:52:38,236 -- DEBUG] Start reading config...
[2016-11-14 21:52:38,237 -- DEBUG] Start reading config... OK
[2016-11-14 21:52:38,237 -- DEBUG] Processing delegates...
[2016-11-14 21:52:38,239 -- DEBUG] Processing delegates... OK
[2016-11-14 22:01:08,194 -- DEBUG] Start reading config...
[2016-11-14 22:01:08,196 -- DEBUG] Start reading config... OK
[2016-11-14 22:01:08,196 -- DEBUG] Processing delegates...
[2016-11-14 22:01:08,196 -- DEBUG] Processing delegates... OK
[2016-11-14 22:01:27,532 -- DEBUG] Start reading config...
[2016-11-14 22:01:27,533 -- DEBUG] Start reading config... OK
[2016-11-14 22:01:27,533 -- DEBUG] Processing delegates...
[2016-11-14 22:01:27,533 -- DEBUG] Processing delegates... OK
[2016-11-14 22:01:42,174 -- DEBUG] Start reading config...
[2016-11-14 22:01:42,174 -- DEBUG] Start reading config... OK
[2016-11-14 22:01:42,176 -- DEBUG] Processing delegates...
[2016-11-14 22:01:42,176 -- DEBUG] Processing delegates... OK
[2016-11-14 22:02:56,358 -- DEBUG] Start reading config...
[2016-11-14 22:02:56,358 -- DEBUG] Start reading config... OK
[2016-11-14 22:02:56,358 -- DEBUG] Processing delegates...
[2016-11-14 22:02:56,358 -- DEBUG] Processing delegates... OK
[2016-11-14 22:03:03,938 -- DEBUG] Start reading config...
[2016-11-14 22:03:03,938 -- DEBUG] Start reading config... OK
[2016-11-14 22:03:03,940 -- DEBUG] Processing delegates...
[2016-11-14 22:03:03,940 -- DEBUG] Processing delegates... OK
[2016-11-14 22:04:10,917 -- DEBUG] Start reading config...
[2016-11-14 22:04:10,917 -- DEBUG] Start reading config... OK
[2016-11-14 22:04:10,918 -- DEBUG] Processing delegates...
[2016-11-14 22:04:10,918 -- DEBUG] Processing delegates... OK
[2016-11-14 22:05:00,884 -- DEBUG] Start reading config...
[2016-11-14 22:05:00,884 -- DEBUG] Start reading config... OK
[2016-11-14 22:05:00,885 -- DEBUG] Processing delegates...
[2016-11-14 22:05:00,887 -- DEBUG] Processing delegates... OK
[2016-11-14 22:05:00,970 -- DEBUG] Start reading config...
[2016-11-14 22:05:00,970 -- DEBUG] Start reading config... OK
[2016-11-14 22:05:00,970 -- DEBUG] Processing delegates...
[2016-11-14 22:05:00,971 -- DEBUG] Processing delegates... OK
[2016-11-14 22:05:29,298 -- DEBUG] Start reading config...
[2016-11-14 22:05:29,299 -- DEBUG] Start reading config... OK
[2016-11-14 22:05:29,299 -- DEBUG] Processing delegates...
[2016-11-14 22:05:29,301 -- DEBUG] Processing delegates... OK
[2016-11-14 22:06:06,316 -- DEBUG] Start reading config...
[2016-11-14 22:06:06,319 -- DEBUG] Start reading config... OK
[2016-11-14 22:06:06,319 -- DEBUG] Processing delegates...
[2016-11-14 22:06:06,319 -- DEBUG] Processing delegates... OK
[2016-11-14 22:21:20,657 -- DEBUG] Start reading config...
[2016-11-14 22:21:20,657 -- DEBUG] Start reading config... OK
[2016-11-14 22:21:20,657 -- DEBUG] Processing delegates...
[2016-11-14 22:22:02,112 -- DEBUG] Start reading config...
[2016-11-14 22:22:02,114 -- DEBUG] Start reading config... OK
[2016-11-14 22:22:02,115 -- DEBUG] Processing delegates...
[2016-11-14 22:22:02,115 -- DEBUG] Processing delegates... OK
[2016-11-14 22:24:34,441 -- DEBUG] Start reading config...
[2016-11-14 22:24:34,441 -- DEBUG] Start reading config... OK
[2016-11-14 22:24:34,441 -- DEBUG] Processing delegates...
[2016-11-14 22:24:34,443 -- DEBUG] Processing delegates... OK
[2016-11-14 22:24:45,059 -- DEBUG] Start reading config...
[2016-11-14 22:24:45,061 -- DEBUG] Start reading config... OK
[2016-11-14 22:24:45,061 -- DEBUG] Processing delegates...
[2016-11-14 22:24:45,061 -- DEBUG] Processing delegates... OK
[2016-11-14 22:24:45,079 -- INFO] Starting new HTTPS connection (1): api.telegram.org
[2016-11-14 22:24:46,562 -- DEBUG] "POST /bot224952481:AAHmbCQfgAkROv5Dxcaf8YVlXGrG00u7oEs/sendMessage?text=%5B+%28GTM%2B2%29+2016-11-14+23%3A24%3A45+%5D%0A%0A%0ADelegate+theredhawk%3A+Status%3DCycle+lost%0A%09Position%3A+23%09Uptime%3A+99%09Approval%3A+4.3&chat_id=1708688 HTTP/1.1" 200 392
[2016-11-14 22:24:46,897 -- INFO] Starting new HTTPS connection (1): api.telegram.org
[2016-11-14 22:24:47,653 -- DEBUG] "POST /bot224952481:AAHmbCQfgAkROv5Dxcaf8YVlXGrG00u7oEs/sendMessage?text=%5B+%28GTM%2B2%29+2016-11-14+23%3A24%3A46+%5D%0A%0A%0ADelegate+theredhawk%3A+Status%3DCycle+lost%0A%09Position%3A+23%09Uptime%3A+99%09Approval%3A+4.3&chat_id=170999676 HTTP/1.1" 200 361
[2016-11-14 22:28:10,911 -- DEBUG] Start reading config...
[2016-11-14 22:28:10,911 -- DEBUG] Start reading config... OK
[2016-11-14 22:28:10,911 -- DEBUG] Processing delegates...
[2016-11-14 22:28:10,911 -- DEBUG] Processing delegates... OK
[2016-11-14 22:28:10,921 -- INFO] Starting new HTTPS connection (1): api.telegram.org
[2016-11-14 22:28:12,236 -- DEBUG] "POST /bot224952481:AAHmbCQfgAkROv5Dxcaf8YVlXGrG00u7oEs/sendMessage?text=%5B+%28GTM%2B2%29+2016-11-14+23%3A28%3A10+%5D%0A%0A%0ADelegate+theredhawk%3A+Status%3DCycle+lost%0A%09Position%3A+23%09Uptime%3A+99%09Approval%3A+4.3&chat_id=1708688 HTTP/1.1" 200 392
[2016-11-14 22:28:12,276 -- INFO] Starting new HTTPS connection (1): api.telegram.org
[2016-11-14 22:28:12,592 -- DEBUG] "POST /bot224952481:AAHmbCQfgAkROv5Dxcaf8YVlXGrG00u7oEs/sendMessage?text=%5B+%28GTM%2B2%29+2016-11-14+23%3A28%3A12+%5D%0A%0A%0ADelegate+theredhawk%3A+Status%3DCycle+lost%0A%09Position%3A+23%09Uptime%3A+99%09Approval%3A+4.3&chat_id=170999676 HTTP/1.1" 200 361
